<?xml version="1.0" encoding="UTF-8"?>
<!-- Generated by org.testng.reporters.JUnitXMLReporter -->
<testsuite ignored="0" hostname="DESKTOP-L72VLGA" failures="2" tests="11" name="Personal loan" time="0.171" errors="0" timestamp="2022-10-25T08:00:34 IST">
  <testcase classname="test.Basics" name="Demo" time="0.008"/>
  <testcase classname="test.Basics" name="SecondTest" time="0.012"/>
  <testcase classname="test.Basics1" name="demo2" time="0.003"/>
  <testcase classname="test.Basics3" name="LoginAPIcarLoan" time="0.002"/>
  <testcase classname="test.Basics3" name="MobileSignOut" time="0.004"/>
  <testcase classname="test.Basics3" name="WebloginCarLoan" time="0.0">
    <failure type="org.testng.TestNGException" message="
Parameter &amp;apos;URL&amp;apos; is required by @Test on method WebloginCarLoan but has not been marked @Optional or defined
in C:\Users\Adv K M Varghese\eclipse-workspace\TestNGLearning\testng.xml">
      <![CDATA[org.testng.TestNGException: 
Parameter 'URL' is required by @Test on method WebloginCarLoan but has not been marked @Optional or defined
in C:\Users\Adv K M Varghese\eclipse-workspace\TestNGLearning\testng.xml
at java.base/java.util.ArrayList.forEach(ArrayList.java:1511)
... Removed 26 stack frames]]>
    </failure>
  </testcase> <!-- WebloginCarLoan -->
  <testcase classname="test.Basics3" name="MobileSignIn" time="0.008"/>
  <testcase classname="test.Basics3" name="MobileLoginCarloan" time="0.0">
    <skipped/>
  </testcase> <!-- MobileLoginCarloan -->
  <testcase classname="test.Basics4" name="LoginAPIHomeLoan" time="0.003"/>
  <testcase classname="test.Basics4" name="MobileLoginHomeloan" time="0.005"/>
  <testcase classname="test.Basics4" name="WebloginHomeLoan" time="0.0">
    <failure type="org.testng.TestNGException" message="
Cannot inject @Test annotated Method [WebloginHomeLoan] with [class java.lang.String].
For more information on native dependency injection please refer to https://testng.org/doc/documentation-main.html#native-dependency-injection">
      <![CDATA[org.testng.TestNGException: 
Cannot inject @Test annotated Method [WebloginHomeLoan] with [class java.lang.String].
For more information on native dependency injection please refer to https://testng.org/doc/documentation-main.html#native-dependency-injection
at java.base/java.util.ArrayList.forEach(ArrayList.java:1511)
... Removed 26 stack frames]]>
    </failure>
  </testcase> <!-- WebloginHomeLoan -->
</testsuite> <!-- Personal loan -->
